2023-05-29:14:09:11,959 ERROR    [test.py:45] Error retrieving refresh token: 'access_token', response: {'status': 503, 'body': {}, 'error': 'Invalid Params: invalid refresh_token'}
2023-05-29:17:01:30,688 DEBUG    [test.py:138] sleep data file saved uid 1
2023-05-29:17:02:33,916 DEBUG    [test.py:138] sleep data file saved uid 1
2023-05-29:17:02:45,694 DEBUG    [test.py:90] sleep data file saved: uid 2
2023-05-29:17:02:57,549 DEBUG    [test.py:133] sleep data file saved uid 3
2023-05-29:17:03:09,400 DEBUG    [test.py:133] sleep data file saved uid 4
2023-05-29:17:03:21,187 DEBUG    [test.py:133] sleep data file saved uid 5
2023-05-29:17:03:33,100 DEBUG    [test.py:133] sleep data file saved uid 6
2023-05-29:17:03:44,990 DEBUG    [test.py:133] sleep data file saved uid 7
2023-05-29:17:03:56,725 DEBUG    [test.py:90] sleep data file saved: uid 8
2023-05-29:17:04:08,694 DEBUG    [test.py:133] sleep data file saved uid 9
2023-05-29:17:04:20,671 DEBUG    [test.py:133] sleep data file saved uid 10
2023-05-29:17:04:32,594 DEBUG    [test.py:133] sleep data file saved uid 11
2023-05-29:17:04:44,421 DEBUG    [test.py:133] sleep data file saved uid 12
2023-05-29:17:04:56,426 DEBUG    [test.py:133] sleep data file saved uid 13
2023-05-29:17:05:08,351 DEBUG    [test.py:133] sleep data file saved uid 14
2023-05-29:17:05:20,208 DEBUG    [test.py:133] sleep data file saved uid 15
2023-05-29:17:05:32,014 DEBUG    [test.py:133] sleep data file saved uid 16
2023-05-29:17:05:43,957 DEBUG    [test.py:133] sleep data file saved uid 17
2023-05-29:17:05:55,779 DEBUG    [test.py:90] sleep data file saved: uid 18
2023-05-29:17:06:07,577 DEBUG    [test.py:90] sleep data file saved: uid 19
2023-05-29:17:06:19,391 DEBUG    [test.py:133] sleep data file saved uid 20
2023-05-29:17:06:41,883 DEBUG    [test.py:191] device data file saved: uid 1
2023-05-29:17:08:41,102 DEBUG    [test.py:138] sleep data file saved uid 1
2023-05-29:17:08:52,881 DEBUG    [test.py:90] sleep data file saved: uid 2
2023-05-29:17:09:04,736 DEBUG    [test.py:133] sleep data file saved uid 3
2023-05-29:17:09:17,070 DEBUG    [test.py:133] sleep data file saved uid 4
2023-05-29:17:09:28,940 DEBUG    [test.py:133] sleep data file saved uid 5
2023-05-29:17:09:40,807 DEBUG    [test.py:133] sleep data file saved uid 6
2023-05-29:17:09:52,613 DEBUG    [test.py:133] sleep data file saved uid 7
2023-05-29:17:10:04,771 DEBUG    [test.py:133] sleep data file saved uid 8
2023-05-29:17:10:16,588 DEBUG    [test.py:133] sleep data file saved uid 9
2023-05-29:17:10:28,597 DEBUG    [test.py:133] sleep data file saved uid 10
2023-05-29:17:10:40,495 DEBUG    [test.py:133] sleep data file saved uid 11
2023-05-29:17:10:52,386 DEBUG    [test.py:133] sleep data file saved uid 12
2023-05-29:17:11:05,031 DEBUG    [test.py:133] sleep data file saved uid 13
2023-05-29:17:11:16,913 DEBUG    [test.py:133] sleep data file saved uid 14
2023-05-29:17:11:28,651 DEBUG    [test.py:133] sleep data file saved uid 15
2023-05-29:17:11:40,596 DEBUG    [test.py:133] sleep data file saved uid 16
2023-05-29:17:11:52,442 DEBUG    [test.py:133] sleep data file saved uid 17
2023-05-29:17:12:04,341 DEBUG    [test.py:133] sleep data file saved uid 18
2023-05-29:17:12:16,155 DEBUG    [test.py:133] sleep data file saved uid 19
2023-05-29:17:12:28,106 DEBUG    [test.py:133] sleep data file saved uid 20
2023-05-29:17:12:49,926 DEBUG    [test.py:187] device data file saved: uid 1
2023-05-29:17:13:01,668 ERROR    [test.py:197] Error in retrieving device data (empty device information): "None of ['deviceid'] are in the columns", uid: 2
2023-05-29:17:14:17,669 DEBUG    [test.py:187] device data file saved: uid 3
2023-05-29:17:14:37,179 DEBUG    [test.py:138] sleep data file saved uid 1
2023-05-29:17:14:49,008 DEBUG    [test.py:90] sleep data file saved: uid 2
2023-05-29:17:15:00,860 DEBUG    [test.py:133] sleep data file saved uid 3
2023-05-29:17:15:12,748 DEBUG    [test.py:133] sleep data file saved uid 4
2023-05-29:17:15:24,795 DEBUG    [test.py:133] sleep data file saved uid 5
2023-05-29:17:15:36,676 DEBUG    [test.py:133] sleep data file saved uid 6
2023-05-29:17:15:48,501 DEBUG    [test.py:133] sleep data file saved uid 7
2023-05-29:17:16:00,406 DEBUG    [test.py:133] sleep data file saved uid 8
2023-05-29:17:16:12,418 DEBUG    [test.py:133] sleep data file saved uid 9
2023-05-29:17:16:24,320 DEBUG    [test.py:133] sleep data file saved uid 10
2023-05-29:17:16:36,128 DEBUG    [test.py:133] sleep data file saved uid 11
2023-05-29:17:16:47,968 DEBUG    [test.py:133] sleep data file saved uid 12
2023-05-29:17:17:00,167 DEBUG    [test.py:133] sleep data file saved uid 13
2023-05-29:17:17:12,190 DEBUG    [test.py:133] sleep data file saved uid 14
2023-05-29:17:17:24,009 DEBUG    [test.py:133] sleep data file saved uid 15
2023-05-29:17:17:35,822 DEBUG    [test.py:133] sleep data file saved uid 16
2023-05-29:17:17:47,687 DEBUG    [test.py:133] sleep data file saved uid 17
2023-05-29:17:17:59,610 DEBUG    [test.py:133] sleep data file saved uid 18
2023-05-29:17:18:11,503 DEBUG    [test.py:133] sleep data file saved uid 19
2023-05-29:17:18:23,331 DEBUG    [test.py:133] sleep data file saved uid 20
2023-05-29:17:19:06,635 DEBUG    [test.py:138] sleep data file saved uid 1
2023-05-29:17:19:18,454 DEBUG    [test.py:90] sleep data file saved: uid 2
2023-05-29:17:19:30,398 DEBUG    [test.py:133] sleep data file saved uid 3
2023-05-29:17:19:42,255 DEBUG    [test.py:133] sleep data file saved uid 4
2023-05-29:17:19:54,213 DEBUG    [test.py:133] sleep data file saved uid 5
2023-05-29:17:20:06,216 DEBUG    [test.py:133] sleep data file saved uid 6
2023-05-29:17:20:18,122 DEBUG    [test.py:133] sleep data file saved uid 7
2023-05-29:17:20:29,891 DEBUG    [test.py:133] sleep data file saved uid 8
2023-05-29:17:20:41,698 DEBUG    [test.py:133] sleep data file saved uid 9
2023-05-29:17:20:53,580 DEBUG    [test.py:133] sleep data file saved uid 10
2023-05-29:17:21:06,078 DEBUG    [test.py:133] sleep data file saved uid 11
2023-05-29:17:21:18,551 DEBUG    [test.py:133] sleep data file saved uid 12
2023-05-29:17:21:30,446 DEBUG    [test.py:133] sleep data file saved uid 13
2023-05-29:17:21:42,287 DEBUG    [test.py:133] sleep data file saved uid 14
2023-05-29:17:21:54,116 DEBUG    [test.py:133] sleep data file saved uid 15
2023-05-29:17:22:06,298 DEBUG    [test.py:133] sleep data file saved uid 16
2023-05-29:17:22:18,184 DEBUG    [test.py:133] sleep data file saved uid 17
2023-05-29:17:22:30,025 DEBUG    [test.py:133] sleep data file saved uid 18
2023-05-29:17:22:41,850 DEBUG    [test.py:133] sleep data file saved uid 19
2023-05-29:17:22:53,755 DEBUG    [test.py:133] sleep data file saved uid 20
2023-05-29:17:23:55,902 DEBUG    [test.py:133] sleep data file saved uid 1
2023-05-29:17:23:57,696 DEBUG    [test.py:90] sleep data file saved: uid 2
2023-05-29:17:23:59,573 DEBUG    [test.py:133] sleep data file saved uid 3
2023-05-29:17:24:01,455 DEBUG    [test.py:133] sleep data file saved uid 4
2023-05-29:17:24:03,374 DEBUG    [test.py:133] sleep data file saved uid 5
2023-05-29:17:24:05,207 DEBUG    [test.py:133] sleep data file saved uid 6
2023-05-29:17:24:07,211 DEBUG    [test.py:133] sleep data file saved uid 7
2023-05-29:17:24:09,065 DEBUG    [test.py:133] sleep data file saved uid 8
2023-05-29:17:24:10,936 DEBUG    [test.py:133] sleep data file saved uid 9
2023-05-29:17:24:12,808 DEBUG    [test.py:133] sleep data file saved uid 10
2023-05-29:17:24:14,671 DEBUG    [test.py:133] sleep data file saved uid 11
2023-05-29:17:24:16,542 DEBUG    [test.py:133] sleep data file saved uid 12
2023-05-29:17:24:18,448 DEBUG    [test.py:133] sleep data file saved uid 13
2023-05-29:17:24:20,280 DEBUG    [test.py:133] sleep data file saved uid 14
2023-05-29:17:24:21,671 ERROR    [test.py:71] Error in retrieving sleep data: Expecting value: line 1 column 1 (char 0), uid: 15
2023-05-29:17:32:57,783 DEBUG    [test.py:138] sleep data file saved uid 1
2023-05-29:17:33:06,606 DEBUG    [test.py:90] sleep data file saved: uid 2
2023-05-29:17:33:15,557 DEBUG    [test.py:133] sleep data file saved uid 3
2023-05-29:17:33:24,377 DEBUG    [test.py:133] sleep data file saved uid 4
2023-05-29:17:33:33,273 DEBUG    [test.py:133] sleep data file saved uid 5
2023-05-29:17:33:42,132 DEBUG    [test.py:133] sleep data file saved uid 6
2023-05-29:17:33:50,967 DEBUG    [test.py:133] sleep data file saved uid 7
2023-05-29:17:33:59,785 DEBUG    [test.py:133] sleep data file saved uid 8
2023-05-29:17:34:08,581 DEBUG    [test.py:90] sleep data file saved: uid 9
2023-05-29:17:34:17,435 DEBUG    [test.py:133] sleep data file saved uid 10
2023-05-29:17:34:26,239 DEBUG    [test.py:133] sleep data file saved uid 11
2023-05-29:17:34:35,020 DEBUG    [test.py:133] sleep data file saved uid 12
2023-05-29:17:34:43,895 DEBUG    [test.py:133] sleep data file saved uid 13
2023-05-29:17:34:52,741 DEBUG    [test.py:133] sleep data file saved uid 14
2023-05-29:17:35:01,538 DEBUG    [test.py:133] sleep data file saved uid 15
2023-05-29:17:35:10,658 DEBUG    [test.py:133] sleep data file saved uid 16
2023-05-29:17:35:19,528 DEBUG    [test.py:133] sleep data file saved uid 17
2023-05-29:17:35:28,319 DEBUG    [test.py:133] sleep data file saved uid 18
2023-05-29:17:35:37,246 DEBUG    [test.py:133] sleep data file saved uid 19
2023-05-29:17:35:46,149 DEBUG    [test.py:133] sleep data file saved uid 20
2023-05-29:17:36:04,930 DEBUG    [test.py:187] device data file saved: uid 1
2023-05-29:17:36:13,724 ERROR    [test.py:197] Error in retrieving device data (empty device information): "None of ['deviceid'] are in the columns", uid: 2
2023-05-29:17:36:22,508 DEBUG    [test.py:187] device data file saved: uid 3
2023-05-29:17:36:31,360 DEBUG    [test.py:187] device data file saved: uid 4
2023-05-29:17:36:40,167 DEBUG    [test.py:187] device data file saved: uid 5
2023-05-29:17:36:49,002 DEBUG    [test.py:187] device data file saved: uid 6
2023-05-29:17:36:57,752 DEBUG    [test.py:187] device data file saved: uid 7
2023-05-29:17:38:07,347 DEBUG    [test.py:139] sleep data file saved uid 1
2023-05-29:17:38:16,113 DEBUG    [test.py:91] sleep data file saved: uid 2
2023-05-29:17:38:24,987 DEBUG    [test.py:134] sleep data file saved uid 3
2023-05-29:17:38:33,828 DEBUG    [test.py:134] sleep data file saved uid 4
2023-05-29:17:38:42,628 DEBUG    [test.py:134] sleep data file saved uid 5
2023-05-29:17:38:51,492 DEBUG    [test.py:134] sleep data file saved uid 6
2023-05-29:17:39:00,457 DEBUG    [test.py:134] sleep data file saved uid 7
2023-05-29:17:39:09,256 DEBUG    [test.py:134] sleep data file saved uid 8
2023-05-29:17:39:18,182 DEBUG    [test.py:134] sleep data file saved uid 9
2023-05-29:17:39:27,038 DEBUG    [test.py:134] sleep data file saved uid 10
2023-05-29:17:39:36,057 DEBUG    [test.py:134] sleep data file saved uid 11
2023-05-29:17:39:44,849 DEBUG    [test.py:134] sleep data file saved uid 12
2023-05-29:17:39:53,810 DEBUG    [test.py:134] sleep data file saved uid 13
2023-05-29:17:40:02,692 DEBUG    [test.py:134] sleep data file saved uid 14
2023-05-29:17:40:11,520 DEBUG    [test.py:134] sleep data file saved uid 15
2023-05-29:17:40:20,381 DEBUG    [test.py:134] sleep data file saved uid 16
2023-05-29:17:40:29,299 DEBUG    [test.py:134] sleep data file saved uid 17
2023-05-29:17:40:38,176 DEBUG    [test.py:134] sleep data file saved uid 18
2023-05-29:17:40:46,989 DEBUG    [test.py:134] sleep data file saved uid 19
2023-05-29:17:40:55,823 DEBUG    [test.py:134] sleep data file saved uid 20
2023-05-29:17:41:14,669 DEBUG    [test.py:189] device data file saved: uid 1
2023-05-29:17:41:23,858 ERROR    [test.py:199] Error in retrieving device data (empty device information): "None of ['deviceid'] are in the columns", uid: 2
2023-05-29:17:41:32,653 DEBUG    [test.py:189] device data file saved: uid 3
2023-05-29:17:41:41,509 DEBUG    [test.py:189] device data file saved: uid 4
2023-05-29:17:41:50,292 DEBUG    [test.py:189] device data file saved: uid 5
2023-05-29:17:41:58,961 DEBUG    [test.py:189] device data file saved: uid 6
2023-05-29:17:42:07,699 DEBUG    [test.py:189] device data file saved: uid 7
2023-05-29:17:42:16,493 DEBUG    [test.py:189] device data file saved: uid 8
2023-05-29:17:42:25,322 DEBUG    [test.py:189] device data file saved: uid 9
2023-05-29:17:42:34,135 DEBUG    [test.py:189] device data file saved: uid 10
2023-05-29:17:42:42,860 DEBUG    [test.py:189] device data file saved: uid 11
2023-05-29:17:42:51,632 DEBUG    [test.py:189] device data file saved: uid 12
2023-05-29:17:43:00,973 DEBUG    [test.py:189] device data file saved: uid 13
2023-05-29:17:43:09,690 DEBUG    [test.py:189] device data file saved: uid 14
2023-05-29:17:43:18,468 DEBUG    [test.py:189] device data file saved: uid 15
2023-05-29:17:43:27,166 DEBUG    [test.py:189] device data file saved: uid 16
2023-05-29:17:43:36,107 DEBUG    [test.py:189] device data file saved: uid 17
2023-05-29:17:43:44,816 DEBUG    [test.py:189] device data file saved: uid 18
2023-05-29:17:43:53,540 DEBUG    [test.py:189] device data file saved: uid 19
2023-05-29:17:44:02,305 DEBUG    [test.py:189] device data file saved: uid 20
2023-05-30:12:20:20,242 DEBUG    [test.py:139] sleep data file saved uid 1
2023-05-30:12:20:29,004 DEBUG    [test.py:91] sleep data file saved: uid 2
2023-05-30:12:20:37,823 DEBUG    [test.py:134] sleep data file saved uid 3
2023-05-30:12:20:46,573 DEBUG    [test.py:134] sleep data file saved uid 4
2023-05-30:12:20:55,373 DEBUG    [test.py:134] sleep data file saved uid 5
2023-05-30:12:21:04,169 DEBUG    [test.py:134] sleep data file saved uid 6
2023-05-30:12:21:12,937 DEBUG    [test.py:134] sleep data file saved uid 7
2023-05-30:12:21:21,745 DEBUG    [test.py:134] sleep data file saved uid 8
2023-05-30:12:21:30,550 DEBUG    [test.py:134] sleep data file saved uid 9
2023-05-30:12:21:39,445 DEBUG    [test.py:134] sleep data file saved uid 10
2023-05-30:12:21:48,331 DEBUG    [test.py:134] sleep data file saved uid 11
2023-05-30:12:21:57,125 DEBUG    [test.py:91] sleep data file saved: uid 12
2023-05-30:12:22:05,945 DEBUG    [test.py:134] sleep data file saved uid 13
2023-05-30:12:22:14,747 DEBUG    [test.py:134] sleep data file saved uid 14
2023-05-30:12:22:23,573 DEBUG    [test.py:134] sleep data file saved uid 15
2023-05-30:12:22:32,356 DEBUG    [test.py:91] sleep data file saved: uid 16
2023-05-30:12:22:41,112 DEBUG    [test.py:134] sleep data file saved uid 17
2023-05-30:12:22:49,904 DEBUG    [test.py:134] sleep data file saved uid 18
2023-05-30:12:22:58,726 DEBUG    [test.py:134] sleep data file saved uid 19
2023-05-30:12:23:07,601 DEBUG    [test.py:134] sleep data file saved uid 20
2023-05-30:12:23:26,326 DEBUG    [test.py:193] device data file saved: uid 1
2023-05-30:12:23:35,038 ERROR    [test.py:199] Error in retrieving device data (empty device information): "None of ['deviceid'] are in the columns", uid: 2
2023-05-30:12:23:43,788 DEBUG    [test.py:189] device data file saved: uid 3
2023-05-30:12:23:52,508 DEBUG    [test.py:189] device data file saved: uid 4
2023-05-30:12:24:01,218 DEBUG    [test.py:189] device data file saved: uid 5
2023-05-30:12:24:09,950 DEBUG    [test.py:189] device data file saved: uid 6
2023-05-30:12:24:18,703 DEBUG    [test.py:189] device data file saved: uid 7
2023-05-30:12:24:27,474 DEBUG    [test.py:189] device data file saved: uid 8
2023-05-30:12:24:36,168 DEBUG    [test.py:189] device data file saved: uid 9
2023-05-30:12:24:44,889 DEBUG    [test.py:189] device data file saved: uid 10
2023-05-30:12:24:53,598 DEBUG    [test.py:189] device data file saved: uid 11
2023-05-30:12:25:02,324 DEBUG    [test.py:189] device data file saved: uid 12
2023-05-30:12:25:11,082 DEBUG    [test.py:189] device data file saved: uid 13
2023-05-30:12:25:19,824 DEBUG    [test.py:189] device data file saved: uid 14
2023-05-30:12:25:28,605 DEBUG    [test.py:189] device data file saved: uid 15
2023-05-30:12:25:37,361 DEBUG    [test.py:189] device data file saved: uid 16
2023-05-30:12:25:46,092 DEBUG    [test.py:189] device data file saved: uid 17
2023-05-30:12:25:54,857 DEBUG    [test.py:189] device data file saved: uid 18
2023-05-30:12:26:03,636 DEBUG    [test.py:189] device data file saved: uid 19
2023-05-30:12:26:12,369 DEBUG    [test.py:189] device data file saved: uid 20
2023-10-12:10:25:56,616 ERROR    [test.py:44] Error retrieving refresh token: 'access_token', response: {'status': 503, 'body': {}, 'error': 'Invalid Params: invalid refresh_token'}
2023-10-16:16:12:20,961 DEBUG    [test.py:124] sleep data file saved uid 1
2023-10-16:16:12:30,129 DEBUG    [test.py:119] sleep data file saved uid 3
2023-10-16:16:12:39,650 DEBUG    [test.py:119] sleep data file saved uid 4
2023-10-16:16:12:49,032 DEBUG    [test.py:119] sleep data file saved uid 5
2023-10-16:16:12:58,399 DEBUG    [test.py:83] sleep data file saved: uid 6
2023-10-16:16:13:07,321 DEBUG    [test.py:119] sleep data file saved uid 7
2023-10-16:16:13:16,524 DEBUG    [test.py:119] sleep data file saved uid 8
2023-10-16:16:13:25,695 DEBUG    [test.py:119] sleep data file saved uid 9
2023-10-16:16:13:34,636 DEBUG    [test.py:119] sleep data file saved uid 10
2023-10-16:16:13:44,298 DEBUG    [test.py:119] sleep data file saved uid 11
2023-10-16:16:13:53,451 DEBUG    [test.py:119] sleep data file saved uid 12
2023-10-16:16:14:02,521 DEBUG    [test.py:119] sleep data file saved uid 13
2023-10-16:16:14:11,843 DEBUG    [test.py:119] sleep data file saved uid 15
2023-10-16:16:14:20,760 DEBUG    [test.py:119] sleep data file saved uid 17
2023-10-16:16:14:29,972 DEBUG    [test.py:119] sleep data file saved uid 18
2023-10-16:16:14:38,913 DEBUG    [test.py:119] sleep data file saved uid 19
2023-10-16:16:14:48,190 DEBUG    [test.py:119] sleep data file saved uid 20
2023-10-16:16:15:00,587 DEBUG    [test.py:178] device data file saved: uid 1
2023-10-16:16:15:09,816 DEBUG    [test.py:174] device data file saved: uid 2
2023-10-16:16:15:18,941 DEBUG    [test.py:174] device data file saved: uid 3
2023-10-16:16:15:28,317 DEBUG    [test.py:174] device data file saved: uid 4
2023-10-16:16:15:37,576 DEBUG    [test.py:174] device data file saved: uid 5
2023-10-16:16:15:47,058 DEBUG    [test.py:174] device data file saved: uid 6
2023-10-16:16:15:55,870 DEBUG    [test.py:174] device data file saved: uid 7
2023-10-16:16:16:05,437 DEBUG    [test.py:174] device data file saved: uid 8
2023-10-16:16:16:14,268 DEBUG    [test.py:174] device data file saved: uid 9
2023-10-16:16:16:23,409 DEBUG    [test.py:174] device data file saved: uid 10
2023-10-16:16:16:32,622 DEBUG    [test.py:174] device data file saved: uid 11
2023-10-16:16:16:41,636 DEBUG    [test.py:174] device data file saved: uid 12
2023-10-16:16:16:51,057 DEBUG    [test.py:174] device data file saved: uid 13
2023-10-16:16:16:59,969 DEBUG    [test.py:174] device data file saved: uid 14
2023-10-16:16:17:09,470 DEBUG    [test.py:174] device data file saved: uid 15
2023-10-16:16:17:18,302 DEBUG    [test.py:174] device data file saved: uid 16
2023-10-16:16:17:27,171 DEBUG    [test.py:174] device data file saved: uid 17
2023-10-16:16:22:43,425 DEBUG    [test.py:124] sleep data file saved uid 1
2023-10-16:16:22:52,596 DEBUG    [test.py:83] sleep data file saved: uid 3
2023-10-16:16:23:03,238 DEBUG    [test.py:119] sleep data file saved uid 4
2023-10-16:16:23:12,473 DEBUG    [test.py:119] sleep data file saved uid 5
2023-10-16:16:23:21,813 DEBUG    [test.py:83] sleep data file saved: uid 6
2023-10-16:16:23:31,044 DEBUG    [test.py:119] sleep data file saved uid 7
2023-10-16:16:23:40,261 DEBUG    [test.py:119] sleep data file saved uid 8
2023-10-16:16:23:49,351 DEBUG    [test.py:119] sleep data file saved uid 9
2023-10-16:16:23:58,817 DEBUG    [test.py:119] sleep data file saved uid 10
2023-10-16:16:24:17,209 DEBUG    [test.py:119] sleep data file saved uid 11
2023-10-16:16:24:27,010 DEBUG    [test.py:119] sleep data file saved uid 12
2023-10-16:16:24:40,451 DEBUG    [test.py:119] sleep data file saved uid 13
2023-10-16:16:24:49,485 DEBUG    [test.py:119] sleep data file saved uid 15
2023-10-16:16:24:58,595 DEBUG    [test.py:119] sleep data file saved uid 17
2023-10-16:16:25:07,563 DEBUG    [test.py:119] sleep data file saved uid 18
2023-10-16:16:25:17,188 DEBUG    [test.py:119] sleep data file saved uid 19
2023-10-16:16:25:26,449 DEBUG    [test.py:119] sleep data file saved uid 20
2023-10-16:16:25:39,429 DEBUG    [test.py:174] device data file saved: uid 1
2023-10-16:16:25:48,252 DEBUG    [test.py:174] device data file saved: uid 2
2023-10-16:16:25:57,465 DEBUG    [test.py:174] device data file saved: uid 3
2023-10-16:16:26:06,906 DEBUG    [test.py:174] device data file saved: uid 4
2023-10-16:16:26:16,017 DEBUG    [test.py:174] device data file saved: uid 5
2023-10-16:16:26:25,523 DEBUG    [test.py:174] device data file saved: uid 6
2023-10-16:16:26:34,659 DEBUG    [test.py:174] device data file saved: uid 7
2023-10-16:16:26:43,954 DEBUG    [test.py:174] device data file saved: uid 8
2023-10-16:16:26:52,767 DEBUG    [test.py:174] device data file saved: uid 9
2023-10-16:16:27:01,976 DEBUG    [test.py:174] device data file saved: uid 10
2023-10-16:16:27:11,194 DEBUG    [test.py:174] device data file saved: uid 11
2023-10-16:16:27:20,616 DEBUG    [test.py:174] device data file saved: uid 12
2023-10-16:16:27:29,829 DEBUG    [test.py:174] device data file saved: uid 13
2023-10-16:16:27:39,256 DEBUG    [test.py:174] device data file saved: uid 14
2023-10-16:16:27:48,470 DEBUG    [test.py:174] device data file saved: uid 15
2023-10-16:16:27:57,475 DEBUG    [test.py:174] device data file saved: uid 16
2023-10-16:16:28:06,491 DEBUG    [test.py:174] device data file saved: uid 17
2023-10-16:17:12:26,064 DEBUG    [test.py:124] sleep data file saved uid 1
2023-10-16:17:12:35,720 DEBUG    [test.py:119] sleep data file saved uid 3
2023-10-16:17:12:45,081 DEBUG    [test.py:119] sleep data file saved uid 4
2023-10-16:17:12:54,069 DEBUG    [test.py:119] sleep data file saved uid 5
2023-10-16:17:13:03,532 DEBUG    [test.py:83] sleep data file saved: uid 6
2023-10-16:17:13:13,028 DEBUG    [test.py:119] sleep data file saved uid 7
2023-10-16:17:13:21,903 DEBUG    [test.py:119] sleep data file saved uid 8
2023-10-16:17:13:30,988 DEBUG    [test.py:119] sleep data file saved uid 9
2023-10-16:17:13:39,910 DEBUG    [test.py:119] sleep data file saved uid 10
2023-10-16:17:13:48,834 DEBUG    [test.py:119] sleep data file saved uid 11
2023-10-16:17:13:57,868 DEBUG    [test.py:119] sleep data file saved uid 12
2023-10-16:17:14:06,882 DEBUG    [test.py:119] sleep data file saved uid 13
2023-10-16:17:14:15,935 DEBUG    [test.py:119] sleep data file saved uid 15
2023-10-16:17:14:25,235 DEBUG    [test.py:119] sleep data file saved uid 17
2023-10-16:17:14:34,181 DEBUG    [test.py:119] sleep data file saved uid 18
2023-10-16:17:14:43,203 DEBUG    [test.py:119] sleep data file saved uid 19
2023-10-16:17:14:52,503 DEBUG    [test.py:119] sleep data file saved uid 20
2023-10-16:17:15:04,555 DEBUG    [test.py:174] device data file saved: uid 1
2023-10-16:17:15:14,561 DEBUG    [test.py:174] device data file saved: uid 2
2023-10-16:17:15:23,811 DEBUG    [test.py:174] device data file saved: uid 3
2023-10-16:17:15:32,818 DEBUG    [test.py:174] device data file saved: uid 4
2023-10-16:17:15:42,022 DEBUG    [test.py:174] device data file saved: uid 5
2023-10-16:17:15:51,260 DEBUG    [test.py:174] device data file saved: uid 6
2023-10-16:17:16:00,448 DEBUG    [test.py:174] device data file saved: uid 7
2023-10-16:17:16:09,601 DEBUG    [test.py:174] device data file saved: uid 8
2023-10-16:17:16:18,568 DEBUG    [test.py:174] device data file saved: uid 9
2023-10-16:17:16:27,720 DEBUG    [test.py:174] device data file saved: uid 10
2023-10-16:17:16:36,799 DEBUG    [test.py:174] device data file saved: uid 11
2023-10-16:17:16:46,283 DEBUG    [test.py:174] device data file saved: uid 12
2023-10-16:17:16:55,363 DEBUG    [test.py:174] device data file saved: uid 13
2023-10-16:17:17:04,467 DEBUG    [test.py:174] device data file saved: uid 14
2023-10-16:17:17:13,587 DEBUG    [test.py:174] device data file saved: uid 15
2023-10-16:17:17:22,797 DEBUG    [test.py:174] device data file saved: uid 16
2023-10-16:17:17:32,020 DEBUG    [test.py:174] device data file saved: uid 17
2023-10-16:17:21:36,498 DEBUG    [test.py:124] sleep data file saved uid 1
2023-10-16:17:21:45,441 DEBUG    [test.py:119] sleep data file saved uid 3
2023-10-16:17:21:54,407 DEBUG    [test.py:119] sleep data file saved uid 4
2023-10-16:17:22:03,765 DEBUG    [test.py:119] sleep data file saved uid 5
2023-10-16:17:22:12,774 DEBUG    [test.py:119] sleep data file saved uid 6
2023-10-16:17:23:36,146 DEBUG    [test.py:119] sleep data file saved uid 1
2023-10-16:17:23:45,430 DEBUG    [test.py:119] sleep data file saved uid 3
2023-10-16:17:23:54,336 DEBUG    [test.py:119] sleep data file saved uid 4
2023-10-16:17:24:03,391 DEBUG    [test.py:119] sleep data file saved uid 5
2023-10-16:17:24:12,328 DEBUG    [test.py:83] sleep data file saved: uid 6
2023-10-16:17:24:21,357 DEBUG    [test.py:119] sleep data file saved uid 7
2023-10-16:17:24:30,239 DEBUG    [test.py:119] sleep data file saved uid 8
2023-10-16:17:24:39,433 DEBUG    [test.py:119] sleep data file saved uid 9
2023-10-16:17:24:48,317 DEBUG    [test.py:119] sleep data file saved uid 10
2023-10-16:17:24:57,661 DEBUG    [test.py:119] sleep data file saved uid 11
2023-10-16:17:25:06,859 DEBUG    [test.py:119] sleep data file saved uid 12
2023-10-16:17:25:15,830 DEBUG    [test.py:119] sleep data file saved uid 13
2023-10-16:17:25:25,078 DEBUG    [test.py:119] sleep data file saved uid 15
2023-10-16:17:25:34,456 DEBUG    [test.py:119] sleep data file saved uid 17
2023-10-16:17:25:44,164 DEBUG    [test.py:119] sleep data file saved uid 18
2023-10-16:17:25:53,560 DEBUG    [test.py:119] sleep data file saved uid 19
2023-10-16:17:26:02,863 DEBUG    [test.py:119] sleep data file saved uid 20
2023-10-16:17:26:15,086 DEBUG    [test.py:174] device data file saved: uid 1
2023-10-16:17:26:24,302 DEBUG    [test.py:174] device data file saved: uid 2
2023-10-16:17:26:33,178 DEBUG    [test.py:174] device data file saved: uid 3
2023-10-16:17:26:42,936 DEBUG    [test.py:174] device data file saved: uid 4
2023-10-16:17:26:51,758 DEBUG    [test.py:174] device data file saved: uid 5
2023-10-16:17:27:00,949 DEBUG    [test.py:174] device data file saved: uid 6
2023-10-16:17:27:09,851 DEBUG    [test.py:174] device data file saved: uid 7
2023-10-16:17:27:19,183 DEBUG    [test.py:174] device data file saved: uid 8
2023-10-16:17:27:28,524 DEBUG    [test.py:174] device data file saved: uid 9
2023-10-16:17:27:37,827 DEBUG    [test.py:174] device data file saved: uid 10
2023-10-16:17:27:47,447 DEBUG    [test.py:174] device data file saved: uid 11
2023-10-16:17:27:56,803 DEBUG    [test.py:174] device data file saved: uid 12
2023-10-16:17:28:06,230 DEBUG    [test.py:174] device data file saved: uid 13
2023-10-16:17:28:15,216 DEBUG    [test.py:174] device data file saved: uid 14
2023-10-16:17:28:24,314 DEBUG    [test.py:174] device data file saved: uid 15
2023-10-16:17:28:33,276 DEBUG    [test.py:174] device data file saved: uid 16
2023-10-16:17:28:42,470 DEBUG    [test.py:174] device data file saved: uid 17
2023-10-16:17:30:45,643 ERROR    [test.py:46] Error retrieving refresh token: 'access_token', response: {'status': 503, 'body': {}, 'error': 'Invalid Params: invalid refresh_token'}
2023-10-16:17:34:07,341 ERROR    [test.py:46] Error retrieving refresh token: 'access_token', response: {'status': 503, 'body': {}, 'error': 'Invalid Params: invalid refresh_token'}
2023-10-16:17:35:16,801 ERROR    [test.py:47] Error retrieving refresh token: 'access_token', response: {'status': 503, 'body': {}, 'error': 'Invalid Params: invalid refresh_token'}
2023-10-16:17:39:34,855 DEBUG    [test.py:120] sleep data file saved uid 1
2023-10-16:17:39:44,067 DEBUG    [test.py:120] sleep data file saved uid 3
2023-10-16:17:39:53,608 DEBUG    [test.py:120] sleep data file saved uid 4
2023-10-16:17:40:02,890 DEBUG    [test.py:120] sleep data file saved uid 5
2023-10-16:17:40:12,133 DEBUG    [test.py:120] sleep data file saved uid 6
2023-10-16:17:40:21,274 DEBUG    [test.py:120] sleep data file saved uid 7
2023-10-16:17:40:30,541 DEBUG    [test.py:120] sleep data file saved uid 8
2023-10-16:17:40:39,465 DEBUG    [test.py:120] sleep data file saved uid 9
2023-10-16:17:40:48,767 DEBUG    [test.py:120] sleep data file saved uid 10
2023-10-16:17:40:57,976 DEBUG    [test.py:84] sleep data file saved: uid 11
2023-10-16:17:41:07,080 DEBUG    [test.py:120] sleep data file saved uid 12
2023-10-16:17:41:16,452 DEBUG    [test.py:120] sleep data file saved uid 13
2023-10-16:17:41:25,391 DEBUG    [test.py:120] sleep data file saved uid 15
2023-10-16:17:41:34,668 DEBUG    [test.py:120] sleep data file saved uid 17
2023-10-16:17:41:43,537 DEBUG    [test.py:120] sleep data file saved uid 18
2023-10-16:17:41:52,873 DEBUG    [test.py:120] sleep data file saved uid 19
2023-10-16:17:42:01,927 DEBUG    [test.py:120] sleep data file saved uid 20
2023-10-16:17:42:13,766 DEBUG    [test.py:175] device data file saved: uid 1
2023-10-16:17:42:22,636 DEBUG    [test.py:175] device data file saved: uid 2
2023-10-16:17:42:32,805 DEBUG    [test.py:175] device data file saved: uid 3
2023-10-16:17:42:41,665 DEBUG    [test.py:175] device data file saved: uid 4
2023-10-16:17:42:50,789 DEBUG    [test.py:175] device data file saved: uid 5
2023-10-16:17:42:59,817 DEBUG    [test.py:175] device data file saved: uid 6
2023-10-16:17:43:08,610 DEBUG    [test.py:175] device data file saved: uid 7
2023-10-16:17:43:17,388 DEBUG    [test.py:175] device data file saved: uid 8
2023-10-16:17:43:26,589 DEBUG    [test.py:175] device data file saved: uid 9
2023-10-16:17:43:35,646 DEBUG    [test.py:175] device data file saved: uid 10
2023-10-16:17:43:44,810 DEBUG    [test.py:175] device data file saved: uid 11
2023-10-16:17:43:54,120 DEBUG    [test.py:175] device data file saved: uid 12
2023-10-16:17:44:03,165 DEBUG    [test.py:175] device data file saved: uid 13
2023-10-16:17:44:12,241 DEBUG    [test.py:175] device data file saved: uid 14
2023-10-16:17:44:21,476 DEBUG    [test.py:175] device data file saved: uid 15
2023-10-16:17:44:30,728 DEBUG    [test.py:175] device data file saved: uid 16
2023-10-16:17:44:39,575 DEBUG    [test.py:175] device data file saved: uid 17
2023-10-16:17:48:29,125 DEBUG    [test.py:124] sleep data file saved uid 1
2023-10-16:17:48:37,356 ERROR    [test.py:46] Error retrieving refresh token: 'access_token', response: {'status': 503, 'body': {}, 'error': 'Invalid Params: invalid refresh_token'}
2023-10-16:18:01:16,996 DEBUG    [test.py:119] sleep data file saved uid 1
2023-10-16:18:01:24,941 ERROR    [test.py:46] Error retrieving refresh token: 'access_token', response: {'status': 503, 'body': {}, 'error': 'Invalid Params: invalid refresh_token'}
2023-10-17:17:32:53,873 DEBUG    [test.py:126] sleep data file saved uid 1
2023-10-17:17:33:51,000 ERROR    [test.py:52] Error retrieving refresh token: 'access_token', response: {'status': 503, 'body': {}, 'error': 'Invalid Params: invalid refresh_token'}
2023-10-17:17:35:45,294 DEBUG    [test.py:125] sleep data file saved uid 1
2023-10-17:17:36:17,716 DEBUG    [test.py:125] sleep data file saved uid 1
2023-10-17:17:36:25,825 ERROR    [test.py:52] Error retrieving refresh token: 'access_token', response: {'status': 503, 'body': {}, 'error': 'Invalid Params: invalid refresh_token'}
2023-10-17:17:41:43,102 DEBUG    [test.py:125] sleep data file saved uid 1
2023-10-17:17:41:52,045 DEBUG    [test.py:125] sleep data file saved uid 3
2023-10-17:17:42:00,091 ERROR    [test.py:52] Error retrieving refresh token: 'access_token', response: {'status': 503, 'body': {}, 'error': 'Invalid Params: invalid refresh_token'}
